                        .module interrupt.c
                        .area text(rom, con, rel)
 0000                   .dbfile interrupt.c
                        .area vector(rom, abs)
                        .org 4
 0004 0C940000          jmp _seriver0
                        .area text(rom, con, rel)
 0000                   .dbfile interrupt.c
 0000                   .dbfile C:\Users\z\Desktop\作业\外部中断案例\source\interrupt.c
 0000                   .dbfunc e seriver0 _seriver0 fV
                        .even
 0000           _seriver0::
 0000 2A92              st -y,R2
 0002 3A92              st -y,R3
 0004 8A93              st -y,R24
 0006 9A93              st -y,R25
 0008 2FB6              IN R2,63
 000A 2A92              st -y,R2
 000C                   .dbline -1
 000C                   .dbline 7
 000C           ; #include <iom128v.h>
 000C           ; 
 000C           ; int COUNT;       //全局变量，计数按键数
 000C           ; 
 000C           ; #pragma interrupt_handler seriver0:2
 000C           ; void seriver0()  //INT0中断服务程序
 000C           ; {
 000C                   .dbline 8
 000C           ;   COUNT++;
 000C 80910000          lds R24,_COUNT
 0010 90910100          lds R25,_COUNT+1
 0014 0196              adiw R24,1
 0016 90930100          sts _COUNT+1,R25
 001A 80930000          sts _COUNT,R24
 001E                   .dbline 9
 001E           ;   PORTA = ~COUNT;
 001E 1C01              movw R2,R24
 0020 2094              com R2
 0022 3094              com R3
 0024 2BBA              out 0x1b,R2
 0026                   .dbline -2
 0026           L1:
 0026                   .dbline 0 ; func end
 0026 2990              ld R2,y+
 0028 2FBE              OUT 63,R2
 002A 9991              ld R25,y+
 002C 8991              ld R24,y+
 002E 3990              ld R3,y+
 0030 2990              ld R2,y+
 0032 1895              reti
 0034                   .dbend
                        .area vector(rom, abs)
                        .org 8
 0008 0C941A00          jmp _seriver1
                        .area text(rom, con, rel)
 0034                   .dbfile C:\Users\z\Desktop\作业\外部中断案例\source\interrupt.c
 0034                   .dbfunc e seriver1 _seriver1 fV
                        .even
 0034           _seriver1::
 0034 2A92              st -y,R2
 0036 3A92              st -y,R3
 0038 8A93              st -y,R24
 003A 9A93              st -y,R25
 003C 2FB6              IN R2,63
 003E 2A92              st -y,R2
 0040                   .dbline -1
 0040                   .dbline 14
 0040           ; }
 0040           ; 
 0040           ; #pragma interrupt_handler seriver1:3
 0040           ; void seriver1()  //INT1中断服务程序
 0040           ; {
 0040                   .dbline 15
 0040           ;   COUNT--;
 0040 80910000          lds R24,_COUNT
 0044 90910100          lds R25,_COUNT+1
 0048 0197              sbiw R24,1
 004A 90930100          sts _COUNT+1,R25
 004E 80930000          sts _COUNT,R24
 0052                   .dbline 16
 0052           ;   PORTA = ~COUNT;
 0052 1C01              movw R2,R24
 0054 2094              com R2
 0056 3094              com R3
 0058 2BBA              out 0x1b,R2
 005A                   .dbline -2
 005A           L2:
 005A                   .dbline 0 ; func end
 005A 2990              ld R2,y+
 005C 2FBE              OUT 63,R2
 005E 9991              ld R25,y+
 0060 8991              ld R24,y+
 0062 3990              ld R3,y+
 0064 2990              ld R2,y+
 0066 1895              reti
 0068                   .dbend
 0068                   .dbfunc e main _main fV
                        .even
 0068           _main::
 0068                   .dbline -1
 0068                   .dbline 20
 0068           ; }
 0068           ; 
 0068           ; void main()
 0068           ; {
 0068                   .dbline 21
 0068           ;   DDRA = 0xff;         //PA口设置为输出
 0068 8FEF              ldi R24,255
 006A 8ABB              out 0x1a,R24
 006C                   .dbline 22
 006C           ;   PORTA = 0xff;  //PA口初始化为高电平，灯全灭
 006C 8BBB              out 0x1b,R24
 006E                   .dbline 24
 006E           ; 
 006E           ;   EICRA = 0x0a;  //INT0，INT1设置为下降沿
 006E 8AE0              ldi R24,10
 0070 80936A00          sts 106,R24
 0074                   .dbline 25
 0074           ;   EIMSK |= 0x03; //INT0，INT1中断使能
 0074 89B7              in R24,0x39
 0076 8360              ori R24,3
 0078 89BF              out 0x39,R24
 007A                   .dbline 26
 007A           ;   SREG |= 0x80;  //开放全局中断
 007A 7894              bset 7
 007C           L4:
 007C                   .dbline 27
 007C           ;   while(1) {  }  //死循环
 007C                   .dbline 27
 007C           L5:
 007C                   .dbline 27
 007C FFCF              xjmp L4
 007E           X0:
 007E                   .dbline -2
 007E           L3:
 007E                   .dbline 0 ; func end
 007E 0895              ret
 0080                   .dbend
                        .area bss(ram, con, rel)
 0000                   .dbfile C:\Users\z\Desktop\作业\外部中断案例\source\interrupt.c
 0000           _COUNT::
 0000                   .blkb 2
 0002                   .dbsym e COUNT _COUNT I
 0002           ; }
